2019-12-15 22:06:33,246 ERROR: Exception on /reset_password_request [POST] [in c:\users\40382\appdata\local\programs\python\python37\lib\site-packages\flask\app.py:1780]
Traceback (most recent call last):
  File "c:\users\40382\appdata\local\programs\python\python37\lib\site-packages\flask\app.py", line 2311, in wsgi_app
    response = self.full_dispatch_request()
  File "c:\users\40382\appdata\local\programs\python\python37\lib\site-packages\flask\app.py", line 1834, in full_dispatch_request
    rv = self.handle_user_exception(e)
  File "c:\users\40382\appdata\local\programs\python\python37\lib\site-packages\flask\app.py", line 1737, in handle_user_exception
    reraise(exc_type, exc_value, tb)
  File "c:\users\40382\appdata\local\programs\python\python37\lib\site-packages\flask\_compat.py", line 36, in reraise
    raise value
  File "c:\users\40382\appdata\local\programs\python\python37\lib\site-packages\flask\app.py", line 1832, in full_dispatch_request
    rv = self.dispatch_request()
  File "c:\users\40382\appdata\local\programs\python\python37\lib\site-packages\flask\app.py", line 1818, in dispatch_request
    return self.view_functions[rule.endpoint](**req.view_args)
  File "C:\Users\40382\Desktop\研一上课程\flask_blog\app\routes.py", line 172, in reset_password_request
    send_password_reset_email(user)
  File "C:\Users\40382\Desktop\研一上课程\flask_blog\app\email.py", line 20, in send_password_reset_email
    user=user, token=token),
  File "c:\users\40382\appdata\local\programs\python\python37\lib\site-packages\flask\templating.py", line 134, in render_template
    return _render(ctx.app.jinja_env.get_or_select_template(template_name_or_list),
  File "c:\users\40382\appdata\local\programs\python\python37\lib\site-packages\jinja2\environment.py", line 869, in get_or_select_template
    return self.get_template(template_name_or_list, parent, globals)
  File "c:\users\40382\appdata\local\programs\python\python37\lib\site-packages\jinja2\environment.py", line 830, in get_template
    return self._load_template(name, self.make_globals(globals))
  File "c:\users\40382\appdata\local\programs\python\python37\lib\site-packages\jinja2\environment.py", line 804, in _load_template
    template = self.loader.load(self, name, globals)
  File "c:\users\40382\appdata\local\programs\python\python37\lib\site-packages\jinja2\loaders.py", line 113, in load
    source, filename, uptodate = self.get_source(environment, name)
  File "c:\users\40382\appdata\local\programs\python\python37\lib\site-packages\flask\templating.py", line 58, in get_source
    return self._get_source_fast(environment, template)
  File "c:\users\40382\appdata\local\programs\python\python37\lib\site-packages\flask\templating.py", line 86, in _get_source_fast
    raise TemplateNotFound(template)
jinja2.exceptions.TemplateNotFound: email/reset_password.txt
2019-12-15 22:11:08,702 INFO: Microblog startup [in C:\Users\40382\Desktop\研一上课程\flask_blog\app\__init__.py:50]
2019-12-15 22:11:12,405 ERROR: Exception on /reset_password_request [POST] [in c:\users\40382\appdata\local\programs\python\python37\lib\site-packages\flask\app.py:1780]
Traceback (most recent call last):
  File "c:\users\40382\appdata\local\programs\python\python37\lib\site-packages\flask\app.py", line 2311, in wsgi_app
    response = self.full_dispatch_request()
  File "c:\users\40382\appdata\local\programs\python\python37\lib\site-packages\flask\app.py", line 1834, in full_dispatch_request
    rv = self.handle_user_exception(e)
  File "c:\users\40382\appdata\local\programs\python\python37\lib\site-packages\flask\app.py", line 1737, in handle_user_exception
    reraise(exc_type, exc_value, tb)
  File "c:\users\40382\appdata\local\programs\python\python37\lib\site-packages\flask\_compat.py", line 36, in reraise
    raise value
  File "c:\users\40382\appdata\local\programs\python\python37\lib\site-packages\flask\app.py", line 1832, in full_dispatch_request
    rv = self.dispatch_request()
  File "c:\users\40382\appdata\local\programs\python\python37\lib\site-packages\flask\app.py", line 1818, in dispatch_request
    return self.view_functions[rule.endpoint](**req.view_args)
  File "C:\Users\40382\Desktop\研一上课程\flask_blog\app\routes.py", line 172, in reset_password_request
    send_password_reset_email(user)
  File "C:\Users\40382\Desktop\研一上课程\flask_blog\app\email.py", line 21, in send_password_reset_email
    user=user, token=token),
  File "c:\users\40382\appdata\local\programs\python\python37\lib\site-packages\flask\templating.py", line 134, in render_template
    return _render(ctx.app.jinja_env.get_or_select_template(template_name_or_list),
  File "c:\users\40382\appdata\local\programs\python\python37\lib\site-packages\jinja2\environment.py", line 869, in get_or_select_template
    return self.get_template(template_name_or_list, parent, globals)
  File "c:\users\40382\appdata\local\programs\python\python37\lib\site-packages\jinja2\environment.py", line 830, in get_template
    return self._load_template(name, self.make_globals(globals))
  File "c:\users\40382\appdata\local\programs\python\python37\lib\site-packages\jinja2\environment.py", line 804, in _load_template
    template = self.loader.load(self, name, globals)
  File "c:\users\40382\appdata\local\programs\python\python37\lib\site-packages\jinja2\loaders.py", line 113, in load
    source, filename, uptodate = self.get_source(environment, name)
  File "c:\users\40382\appdata\local\programs\python\python37\lib\site-packages\flask\templating.py", line 58, in get_source
    return self._get_source_fast(environment, template)
  File "c:\users\40382\appdata\local\programs\python\python37\lib\site-packages\flask\templating.py", line 86, in _get_source_fast
    raise TemplateNotFound(template)
jinja2.exceptions.TemplateNotFound: email/reset_password.txt
2019-12-15 23:46:37,947 INFO: Microblog startup [in C:\Users\40382\Desktop\研一上课程\flask_blog\app\__init__.py:52]
2019-12-16 00:29:01,283 INFO: Microblog startup [in C:\Users\40382\Desktop\研一上课程\flask_blog\app\__init__.py:52]
2019-12-16 00:33:08,351 INFO: Microblog startup [in C:\Users\40382\Desktop\研一上课程\flask_blog\app\__init__.py:52]
2019-12-16 00:37:33,065 INFO: Microblog startup [in C:\Users\40382\Desktop\研一上课程\flask_blog\app\__init__.py:52]
2019-12-16 00:49:32,598 INFO: Microblog startup [in C:\Users\40382\Desktop\研一上课程\flask_blog\app\__init__.py:52]
2019-12-16 00:52:26,738 INFO: Microblog startup [in C:\Users\40382\Desktop\研一上课程\flask_blog\app\__init__.py:52]
2019-12-16 00:54:00,544 INFO: Microblog startup [in C:\Users\40382\Desktop\研一上课程\flask_blog\app\__init__.py:52]
2019-12-16 00:58:42,586 INFO: Microblog startup [in C:\Users\40382\Desktop\研一上课程\flask_blog\app\__init__.py:52]
2019-12-16 01:05:19,281 INFO: Microblog startup [in C:\Users\40382\Desktop\研一上课程\flask_blog\app\__init__.py:52]
2019-12-16 02:12:07,492 INFO: Microblog startup [in C:\Users\40382\Desktop\研一上课程\flask_blog\app\__init__.py:54]
2019-12-16 02:15:17,836 INFO: Microblog startup [in C:\Users\40382\Desktop\研一上课程\flask_blog\app\__init__.py:54]
2019-12-16 10:03:36,529 INFO: Microblog startup [in C:\Users\40382\Desktop\研一上课程\flask_blog\app\__init__.py:56]
2019-12-16 10:03:45,722 INFO: Microblog startup [in C:\Users\40382\Desktop\研一上课程\flask_blog\app\__init__.py:56]
2019-12-16 10:17:17,120 INFO: Microblog startup [in C:\Users\40382\Desktop\研一上课程\flask_blog\app\__init__.py:56]
2019-12-18 21:04:53,195 INFO: Microblog startup [in C:\Users\40382\Desktop\研一上课程\flask_blog\app\__init__.py:56]
2019-12-18 21:48:06,992 INFO: Microblog startup [in C:\Users\40382\Desktop\研一上课程\flask_blog\app\__init__.py:56]
2019-12-19 19:10:16,753 INFO: Microblog startup [in C:\Users\40382\Desktop\研一上课程\flask_blog\app\__init__.py:56]
2019-12-19 19:16:25,151 INFO: Microblog startup [in C:\Users\40382\Desktop\研一上课程\flask_blog\app\__init__.py:56]
2019-12-19 19:17:59,623 INFO: Microblog startup [in C:\Users\40382\Desktop\研一上课程\flask_blog\app\__init__.py:56]
2019-12-19 19:18:50,351 INFO: Microblog startup [in C:\Users\40382\Desktop\研一上课程\flask_blog\app\__init__.py:56]
2019-12-19 19:20:30,671 INFO: Microblog startup [in C:\Users\40382\Desktop\研一上课程\flask_blog\app\__init__.py:56]
2019-12-19 19:47:53,381 INFO: Microblog startup [in C:\Users\40382\Desktop\研一上课程\flask_blog\app\__init__.py:56]
2019-12-19 19:51:30,468 INFO: Microblog startup [in C:\Users\40382\Desktop\研一上课程\flask_blog\app\__init__.py:56]
2019-12-19 20:07:11,847 INFO: Microblog startup [in C:\Users\40382\Desktop\研一上课程\flask_blog\app\__init__.py:56]
2019-12-19 21:40:18,862 INFO: Microblog startup [in C:\Users\40382\Desktop\研一上课程\flask_blog\app\__init__.py:56]
